2026-04-23 13:29:48,993 [INFO] MainThread: Successfully read robots.txt
2026-04-23 13:29:48,993 [INFO] MainThread: Using crawl delay of 0.1 seconds
2026-04-23 13:29:48,993 [INFO] MainThread: Scraping courses from HTML...
2026-04-23 13:29:50,106 [INFO] MainThread: Found latest catalog URL: https://ccsu.smartcatalogiq.com/en/2025-2026/undergraduate-graduate-catalog
2026-04-23 13:29:50,110 [INFO] MainThread: Fetching catalog from: https://ccsu.smartcatalogiq.com/en/2025-2026/undergraduate-graduate-catalog/all-courses
2026-04-23 13:29:50,283 [INFO] MainThread: Found 131 subjects. Fetching course links...
2026-04-23 13:29:50,457 [INFO] ThreadPoolExecutor-0_0: Successfully scraped 50 courses from https://ccsu.smartcatalogiq.com/en/2025-2026/undergraduate-graduate-catalog/all-courses/crm-criminology-and-criminal-justice
2026-04-23 13:29:50,579 [INFO] ThreadPoolExecutor-0_1: Successfully scraped 26 courses from https://ccsu.smartcatalogiq.com/en/2025-2026/undergraduate-graduate-catalog/all-courses/te-technology-engineering-education
2026-04-23 13:29:50,632 [INFO] ThreadPoolExecutor-0_2: Successfully scraped 7 courses from https://ccsu.smartcatalogiq.com/en/2025-2026/undergraduate-graduate-catalog/all-courses/ccs-climate-change-studies
2026-04-23 13:29:50,747 [INFO] ThreadPoolExecutor-0_3: Successfully scraped 1 courses from https://ccsu.smartcatalogiq.com/en/2025-2026/undergraduate-graduate-catalog/all-courses/anes-nurse-anesthesia-practice
2026-04-23 13:29:50,839 [INFO] ThreadPoolExecutor-0_4: Successfully scraped 88 courses from https://ccsu.smartcatalogiq.com/en/2025-2026/undergraduate-graduate-catalog/all-courses/hist-history
2026-04-23 13:29:50,938 [INFO] ThreadPoolExecutor-0_5: Successfully scraped 4 courses from https://ccsu.smartcatalogiq.com/en/2025-2026/undergraduate-graduate-catalog/all-courses/cen-community-engagement
2026-04-23 13:29:51,062 [INFO] ThreadPoolExecutor-0_6: Successfully scraped 4 courses from https://ccsu.smartcatalogiq.com/en/2025-2026/undergraduate-graduate-catalog/all-courses/law-law
2026-04-23 13:29:51,147 [INFO] ThreadPoolExecutor-0_7: Successfully scraped 13 courses from https://ccsu.smartcatalogiq.com/en/2025-2026/undergraduate-graduate-catalog/all-courses/engr-engineering
2026-04-23 13:29:51,230 [INFO] ThreadPoolExecutor-0_8: Successfully scraped 24 courses from https://ccsu.smartcatalogiq.com/en/2025-2026/undergraduate-graduate-catalog/all-courses/wl-world-languages
2026-04-23 13:29:51,373 [INFO] ThreadPoolExecutor-0_9: Successfully scraped 54 courses from https://ccsu.smartcatalogiq.com/en/2025-2026/undergraduate-graduate-catalog/all-courses/soc-sociology
2026-04-23 13:29:51,437 [INFO] ThreadPoolExecutor-0_0: Successfully scraped 6 courses from https://ccsu.smartcatalogiq.com/en/2025-2026/undergraduate-graduate-catalog/all-courses/nar-nurse-anesthesia-residency
2026-04-23 13:29:51,568 [INFO] ThreadPoolExecutor-0_1: Successfully scraped 4 courses from https://ccsu.smartcatalogiq.com/en/2025-2026/undergraduate-graduate-catalog/all-courses/ent-entrepreneurship
2026-04-23 13:29:51,671 [INFO] ThreadPoolExecutor-0_2: Successfully scraped 9 courses from https://ccsu.smartcatalogiq.com/en/2025-2026/undergraduate-graduate-catalog/all-courses/chin-chinese
2026-04-23 13:29:51,791 [INFO] ThreadPoolExecutor-0_3: Successfully scraped 6 courses from https://ccsu.smartcatalogiq.com/en/2025-2026/undergraduate-graduate-catalog/all-courses/rel-religious-studies
2026-04-23 13:29:51,876 [INFO] ThreadPoolExecutor-0_4: Successfully scraped 25 courses from https://ccsu.smartcatalogiq.com/en/2025-2026/undergraduate-graduate-catalog/all-courses/dan-dance
2026-04-23 13:29:51,945 [INFO] ThreadPoolExecutor-0_5: Successfully scraped 20 courses from https://ccsu.smartcatalogiq.com/en/2025-2026/undergraduate-graduate-catalog/all-courses/atr-athletic-training
2026-04-23 13:29:52,060 [INFO] ThreadPoolExecutor-0_6: Successfully scraped 46 courses from https://ccsu.smartcatalogiq.com/en/2025-2026/undergraduate-graduate-catalog/all-courses/span-spanish
2026-04-23 13:29:52,147 [INFO] ThreadPoolExecutor-0_7: Successfully scraped 8 courses from https://ccsu.smartcatalogiq.com/en/2025-2026/undergraduate-graduate-catalog/all-courses/ths-tourism-hospitality-studies
2026-04-23 13:29:52,308 [INFO] ThreadPoolExecutor-0_8: Successfully scraped 7 courses from https://ccsu.smartcatalogiq.com/en/2025-2026/undergraduate-graduate-catalog/all-courses/ie-industrial-engineering
2026-04-23 13:29:52,411 [INFO] ThreadPoolExecutor-0_9: Successfully scraped 42 courses from https://ccsu.smartcatalogiq.com/en/2025-2026/undergraduate-graduate-catalog/all-courses/tm-technology-management
2026-04-23 13:29:52,475 [INFO] ThreadPoolExecutor-0_0: Successfully scraped 11 courses from https://ccsu.smartcatalogiq.com/en/2025-2026/undergraduate-graduate-catalog/all-courses/ast-astronomy
2026-04-23 13:29:52,624 [INFO] ThreadPoolExecutor-0_1: Successfully scraped 14 courses from https://ccsu.smartcatalogiq.com/en/2025-2026/undergraduate-graduate-catalog/all-courses/edsc-education-secondary
2026-04-23 13:29:52,714 [INFO] ThreadPoolExecutor-0_2: Successfully scraped 5 courses from https://ccsu.smartcatalogiq.com/en/2025-2026/undergraduate-graduate-catalog/all-courses/etc-engineering-technology-civil
2026-04-23 13:29:52,781 [INFO] ThreadPoolExecutor-0_3: Successfully scraped 9 courses from https://ccsu.smartcatalogiq.com/en/2025-2026/undergraduate-graduate-catalog/all-courses/las-latin-american-studies
2026-04-23 13:29:53,054 [INFO] ThreadPoolExecutor-0_4: Successfully scraped 12 courses from https://ccsu.smartcatalogiq.com/en/2025-2026/undergraduate-graduate-catalog/all-courses/ltn-latino-studies
2026-04-23 13:29:53,120 [INFO] ThreadPoolExecutor-0_5: Successfully scraped 85 courses from https://ccsu.smartcatalogiq.com/en/2025-2026/undergraduate-graduate-catalog/all-courses/comm-communication
2026-04-23 13:29:53,241 [INFO] ThreadPoolExecutor-0_6: Successfully scraped 37 courses from https://ccsu.smartcatalogiq.com/en/2025-2026/undergraduate-graduate-catalog/all-courses/ac-accounting
2026-04-23 13:29:53,268 [INFO] ThreadPoolExecutor-0_7: Successfully scraped 15 courses from https://ccsu.smartcatalogiq.com/en/2025-2026/undergraduate-graduate-catalog/all-courses/edel-education-elementary
2026-04-23 13:29:53,289 [INFO] ThreadPoolExecutor-0_8: Successfully scraped 39 courses from https://ccsu.smartcatalogiq.com/en/2025-2026/undergraduate-graduate-catalog/all-courses/phil-philosophy
2026-04-23 13:29:53,419 [INFO] ThreadPoolExecutor-0_9: Successfully scraped 83 courses from https://ccsu.smartcatalogiq.com/en/2025-2026/undergraduate-graduate-catalog/all-courses/cs-computer-science
2026-04-23 13:29:53,497 [INFO] ThreadPoolExecutor-0_0: Successfully scraped 27 courses from https://ccsu.smartcatalogiq.com/en/2025-2026/undergraduate-graduate-catalog/all-courses/stat-statistics
2026-04-23 13:29:53,577 [INFO] ThreadPoolExecutor-0_1: Successfully scraped 21 courses from https://ccsu.smartcatalogiq.com/en/2025-2026/undergraduate-graduate-catalog/all-courses/mft-marriage-and-family-therapy
2026-04-23 13:29:53,674 [INFO] ThreadPoolExecutor-0_2: Successfully scraped 2 courses from https://ccsu.smartcatalogiq.com/en/2025-2026/undergraduate-graduate-catalog/all-courses/lsc-library-science
2026-04-23 13:29:53,806 [INFO] ThreadPoolExecutor-0_3: Successfully scraped 4 courses from https://ccsu.smartcatalogiq.com/en/2025-2026/undergraduate-graduate-catalog/all-courses/rj-racial-justice
2026-04-23 13:29:53,895 [INFO] ThreadPoolExecutor-0_4: Successfully scraped 4 courses from https://ccsu.smartcatalogiq.com/en/2025-2026/undergraduate-graduate-catalog/all-courses/asl-american-sign-language
2026-04-23 13:29:53,995 [INFO] ThreadPoolExecutor-0_5: Successfully scraped 44 courses from https://ccsu.smartcatalogiq.com/en/2025-2026/undergraduate-graduate-catalog/all-courses/exs-exercise-science
2026-04-23 13:29:54,072 [INFO] ThreadPoolExecutor-0_6: Successfully scraped 9 courses from https://ccsu.smartcatalogiq.com/en/2025-2026/undergraduate-graduate-catalog/all-courses/gero-gerontology
2026-04-23 13:29:54,228 [INFO] ThreadPoolExecutor-0_7: Successfully scraped 21 courses from https://ccsu.smartcatalogiq.com/en/2025-2026/undergraduate-graduate-catalog/all-courses/etm-engineering-technology-mechanical-manufacturing
2026-04-23 13:29:54,347 [INFO] ThreadPoolExecutor-0_8: Successfully scraped 30 courses from https://ccsu.smartcatalogiq.com/en/2025-2026/undergraduate-graduate-catalog/all-courses/des-design-graphic-information
2026-04-23 13:29:54,395 [INFO] ThreadPoolExecutor-0_9: Successfully scraped 35 courses from https://ccsu.smartcatalogiq.com/en/2025-2026/undergraduate-graduate-catalog/all-courses/jrn-journalism
2026-04-23 13:29:54,520 [INFO] ThreadPoolExecutor-0_0: Successfully scraped 104 courses from https://ccsu.smartcatalogiq.com/en/2025-2026/undergraduate-graduate-catalog/all-courses/eng-english
2026-04-23 13:29:54,575 [INFO] ThreadPoolExecutor-0_1: Successfully scraped 3 courses from https://ccsu.smartcatalogiq.com/en/2025-2026/undergraduate-graduate-catalog/all-courses/fye-first-year-experience
2026-04-23 13:29:54,721 [INFO] ThreadPoolExecutor-0_2: Successfully scraped 4 courses from https://ccsu.smartcatalogiq.com/en/2025-2026/undergraduate-graduate-catalog/all-courses/arab-arabic
2026-04-23 13:29:54,782 [INFO] ThreadPoolExecutor-0_3: Successfully scraped 8 courses from https://ccsu.smartcatalogiq.com/en/2025-2026/undergraduate-graduate-catalog/all-courses/ger-german
2026-04-23 13:29:54,900 [INFO] ThreadPoolExecutor-0_4: Successfully scraped 24 courses from https://ccsu.smartcatalogiq.com/en/2025-2026/undergraduate-graduate-catalog/all-courses/edt-educational-technology
2026-04-23 13:29:54,994 [INFO] ThreadPoolExecutor-0_5: Successfully scraped 2 courses from https://ccsu.smartcatalogiq.com/en/2025-2026/undergraduate-graduate-catalog/all-courses/fys-first-year-seminar
2026-04-23 13:29:55,122 [INFO] ThreadPoolExecutor-0_6: Successfully scraped 44 courses from https://ccsu.smartcatalogiq.com/en/2025-2026/undergraduate-graduate-catalog/all-courses/anth-anthropology
2026-04-23 13:29:55,197 [INFO] ThreadPoolExecutor-0_7: Successfully scraped 1 courses from https://ccsu.smartcatalogiq.com/en/2025-2026/undergraduate-graduate-catalog/all-courses/cit-computer-information-technology
2026-04-23 13:29:55,338 [INFO] ThreadPoolExecutor-0_8: Successfully scraped 9 courses from https://ccsu.smartcatalogiq.com/en/2025-2026/undergraduate-graduate-catalog/all-courses/sclm-supply-chain-logistics-management
2026-04-23 13:29:55,432 [INFO] ThreadPoolExecutor-0_9: Successfully scraped 46 courses from https://ccsu.smartcatalogiq.com/en/2025-2026/undergraduate-graduate-catalog/all-courses/sw-social-work
2026-04-23 13:29:55,492 [INFO] ThreadPoolExecutor-0_0: Successfully scraped 1 courses from https://ccsu.smartcatalogiq.com/en/2025-2026/undergraduate-graduate-catalog/all-courses/edf-educational-foundations
2026-04-23 13:29:55,609 [INFO] ThreadPoolExecutor-0_1: Successfully scraped 11 courses from https://ccsu.smartcatalogiq.com/en/2025-2026/undergraduate-graduate-catalog/all-courses/vte-vocational-technical-education
2026-04-23 13:29:55,696 [INFO] ThreadPoolExecutor-0_2: Successfully scraped 33 courses from https://ccsu.smartcatalogiq.com/en/2025-2026/undergraduate-graduate-catalog/all-courses/pe-physical-education
2026-04-23 13:29:55,797 [INFO] ThreadPoolExecutor-0_3: Successfully scraped 2 courses from https://ccsu.smartcatalogiq.com/en/2025-2026/undergraduate-graduate-catalog/all-courses/dh-digital-humanities
2026-04-23 13:29:55,892 [INFO] ThreadPoolExecutor-0_4: Successfully scraped 2 courses from https://ccsu.smartcatalogiq.com/en/2025-2026/undergraduate-graduate-catalog/all-courses/ccsu-central-connecticut-state-university
2026-04-23 13:29:55,988 [INFO] ThreadPoolExecutor-0_5: Successfully scraped 70 courses from https://ccsu.smartcatalogiq.com/en/2025-2026/undergraduate-graduate-catalog/all-courses/ps-political-science
2026-04-23 13:29:56,106 [INFO] ThreadPoolExecutor-0_6: Successfully scraped 26 courses from https://ccsu.smartcatalogiq.com/en/2025-2026/undergraduate-graduate-catalog/all-courses/dnap-doctorate-of-nurse-anesthesia-practice
2026-04-23 13:29:56,232 [INFO] ThreadPoolExecutor-0_7: Successfully scraped 1 courses from https://ccsu.smartcatalogiq.com/en/2025-2026/undergraduate-graduate-catalog/all-courses/be-business-education
2026-04-23 13:29:56,342 [INFO] ThreadPoolExecutor-0_8: Successfully scraped 20 courses from https://ccsu.smartcatalogiq.com/en/2025-2026/undergraduate-graduate-catalog/all-courses/bus-business
2026-04-23 13:29:56,394 [INFO] ThreadPoolExecutor-0_9: Successfully scraped 8 courses from https://ccsu.smartcatalogiq.com/en/2025-2026/undergraduate-graduate-catalog/all-courses/ssci-social-sciences
2026-04-23 13:29:56,521 [INFO] ThreadPoolExecutor-0_0: Successfully scraped 9 courses from https://ccsu.smartcatalogiq.com/en/2025-2026/undergraduate-graduate-catalog/all-courses/fr-french
2026-04-23 13:29:56,584 [INFO] ThreadPoolExecutor-0_1: Successfully scraped 4 courses from https://ccsu.smartcatalogiq.com/en/2025-2026/undergraduate-graduate-catalog/all-courses/ams-american-studies
2026-04-23 13:29:56,699 [INFO] ThreadPoolExecutor-0_2: Successfully scraped 2 courses from https://ccsu.smartcatalogiq.com/en/2025-2026/undergraduate-graduate-catalog/all-courses/lat-journalism
2026-04-23 13:29:56,841 [INFO] ThreadPoolExecutor-0_3: Successfully scraped 1 courses from https://ccsu.smartcatalogiq.com/en/2025-2026/undergraduate-graduate-catalog/all-courses/id-interdisciplinary
2026-04-23 13:29:56,925 [INFO] ThreadPoolExecutor-0_4: Successfully scraped 11 courses from https://ccsu.smartcatalogiq.com/en/2025-2026/undergraduate-graduate-catalog/all-courses/se-systems-engineering
2026-04-23 13:29:56,992 [INFO] ThreadPoolExecutor-0_5: Successfully scraped 3 courses from https://ccsu.smartcatalogiq.com/en/2025-2026/undergraduate-graduate-catalog/all-courses/gmst-game-studies
2026-04-23 13:29:57,093 [INFO] ThreadPoolExecutor-0_6: Successfully scraped 58 courses from https://ccsu.smartcatalogiq.com/en/2025-2026/undergraduate-graduate-catalog/all-courses/bms-biomolecular-sciences
2026-04-23 13:29:57,235 [INFO] ThreadPoolExecutor-0_7: Successfully scraped 6 courses from https://ccsu.smartcatalogiq.com/en/2025-2026/undergraduate-graduate-catalog/all-courses/mfg-manufacturing-technology
2026-04-23 13:29:57,325 [INFO] ThreadPoolExecutor-0_8: Successfully scraped 33 courses from https://ccsu.smartcatalogiq.com/en/2025-2026/undergraduate-graduate-catalog/all-courses/cys-cybersecurity
2026-04-23 13:29:57,393 [INFO] ThreadPoolExecutor-0_9: Successfully scraped 26 courses from https://ccsu.smartcatalogiq.com/en/2025-2026/undergraduate-graduate-catalog/all-courses/mkt-marketing
2026-04-23 13:29:57,511 [INFO] ThreadPoolExecutor-0_0: Successfully scraped 41 courses from https://ccsu.smartcatalogiq.com/en/2025-2026/undergraduate-graduate-catalog/all-courses/econ-economics
2026-04-23 13:29:57,576 [INFO] ThreadPoolExecutor-0_1: Successfully scraped 1 courses from https://ccsu.smartcatalogiq.com/en/2025-2026/undergraduate-graduate-catalog/all-courses/ai-artificial-intelligence
2026-04-23 13:29:57,723 [INFO] ThreadPoolExecutor-0_2: Successfully scraped 77 courses from https://ccsu.smartcatalogiq.com/en/2025-2026/undergraduate-graduate-catalog/all-courses/bio-biology
2026-04-23 13:29:57,874 [INFO] ThreadPoolExecutor-0_3: Successfully scraped 7 courses from https://ccsu.smartcatalogiq.com/en/2025-2026/undergraduate-graduate-catalog/all-courses/esl-english-as-a-second-language
2026-04-23 13:29:57,946 [INFO] ThreadPoolExecutor-0_4: Successfully scraped 82 courses from https://ccsu.smartcatalogiq.com/en/2025-2026/undergraduate-graduate-catalog/all-courses/art-art
2026-04-23 13:29:58,033 [INFO] ThreadPoolExecutor-0_5: Successfully scraped 60 courses from https://ccsu.smartcatalogiq.com/en/2025-2026/undergraduate-graduate-catalog/all-courses/me-mechanical-engineering
2026-04-23 13:29:58,129 [INFO] ThreadPoolExecutor-0_6: Successfully scraped 2 courses from https://ccsu.smartcatalogiq.com/en/2025-2026/undergraduate-graduate-catalog/all-courses/cegt-computer-electronics-graphics-technology
2026-04-23 13:29:58,246 [INFO] ThreadPoolExecutor-0_7: Successfully scraped 29 courses from https://ccsu.smartcatalogiq.com/en/2025-2026/undergraduate-graduate-catalog/all-courses/esci-earth-sciences
2026-04-23 13:29:58,353 [INFO] ThreadPoolExecutor-0_8: Successfully scraped 28 courses from https://ccsu.smartcatalogiq.com/en/2025-2026/undergraduate-graduate-catalog/all-courses/wrt-writing
2026-04-23 13:29:58,444 [INFO] ThreadPoolExecutor-0_9: Successfully scraped 14 courses from https://ccsu.smartcatalogiq.com/en/2025-2026/undergraduate-graduate-catalog/all-courses/afam-african-american-studies
2026-04-23 13:29:58,525 [INFO] ThreadPoolExecutor-0_0: Successfully scraped 31 courses from https://ccsu.smartcatalogiq.com/en/2025-2026/undergraduate-graduate-catalog/all-courses/is-international-studies
2026-04-23 13:29:58,637 [INFO] ThreadPoolExecutor-0_1: Successfully scraped 60 courses from https://ccsu.smartcatalogiq.com/en/2025-2026/undergraduate-graduate-catalog/all-courses/lla
2026-04-23 13:29:58,737 [INFO] ThreadPoolExecutor-0_2: Successfully scraped 20 courses from https://ccsu.smartcatalogiq.com/en/2025-2026/undergraduate-graduate-catalog/all-courses/mis-management-information-systems
2026-04-23 13:29:58,846 [INFO] ThreadPoolExecutor-0_3: Successfully scraped 3 courses from https://ccsu.smartcatalogiq.com/en/2025-2026/undergraduate-graduate-catalog/all-courses/acp-nurse-anesthesia
2026-04-23 13:29:58,974 [INFO] ThreadPoolExecutor-0_4: Successfully scraped 1 courses from https://ccsu.smartcatalogiq.com/en/2025-2026/undergraduate-graduate-catalog/all-courses/fa-fine-arts
2026-04-23 13:29:59,049 [INFO] ThreadPoolExecutor-0_5: Successfully scraped 9 courses from https://ccsu.smartcatalogiq.com/en/2025-2026/undergraduate-graduate-catalog/all-courses/eps-educational-policy-studies
2026-04-23 13:29:59,127 [INFO] ThreadPoolExecutor-0_6: Successfully scraped 12 courses from https://ccsu.smartcatalogiq.com/en/2025-2026/undergraduate-graduate-catalog/all-courses/mat-master-of-arts-in-teaching
2026-04-23 13:29:59,252 [INFO] ThreadPoolExecutor-0_7: Successfully scraped 35 courses from https://ccsu.smartcatalogiq.com/en/2025-2026/undergraduate-graduate-catalog/all-courses/fin-finance
2026-04-23 13:29:59,367 [INFO] ThreadPoolExecutor-0_8: Successfully scraped 72 courses from https://ccsu.smartcatalogiq.com/en/2025-2026/undergraduate-graduate-catalog/all-courses/geog-geography
2026-04-23 13:29:59,452 [INFO] ThreadPoolExecutor-0_9: Successfully scraped 2 courses from https://ccsu.smartcatalogiq.com/en/2025-2026/undergraduate-graduate-catalog/all-courses/sprt-sports-studies
2026-04-23 13:29:59,533 [INFO] ThreadPoolExecutor-0_0: Successfully scraped 10 courses from https://ccsu.smartcatalogiq.com/en/2025-2026/undergraduate-graduate-catalog/all-courses/stem-science-technology-engineering-mathematics
2026-04-23 13:29:59,612 [INFO] ThreadPoolExecutor-0_1: Successfully scraped 26 courses from https://ccsu.smartcatalogiq.com/en/2025-2026/undergraduate-graduate-catalog/all-courses/data-data-science
2026-04-23 13:29:59,739 [INFO] ThreadPoolExecutor-0_2: Successfully scraped 69 courses from https://ccsu.smartcatalogiq.com/en/2025-2026/undergraduate-graduate-catalog/all-courses/psy-psychological-science
2026-04-23 13:29:59,847 [INFO] ThreadPoolExecutor-0_3: Successfully scraped 21 courses from https://ccsu.smartcatalogiq.com/en/2025-2026/undergraduate-graduate-catalog/all-courses/ee-electrical-engineering
2026-04-23 13:29:59,942 [INFO] ThreadPoolExecutor-0_4: Successfully scraped 24 courses from https://ccsu.smartcatalogiq.com/en/2025-2026/undergraduate-graduate-catalog/all-courses/wgss-women-gender-sexuality-studies
2026-04-23 13:30:00,081 [INFO] ThreadPoolExecutor-0_5: Successfully scraped 9 courses from https://ccsu.smartcatalogiq.com/en/2025-2026/undergraduate-graduate-catalog/all-courses/actl-actuarial-science
2026-04-23 13:30:00,125 [INFO] ThreadPoolExecutor-0_6: Successfully scraped 29 courses from https://ccsu.smartcatalogiq.com/en/2025-2026/undergraduate-graduate-catalog/all-courses/edec-education-early-childhood
2026-04-23 13:30:00,262 [INFO] ThreadPoolExecutor-0_7: Successfully scraped 19 courses from https://ccsu.smartcatalogiq.com/en/2025-2026/undergraduate-graduate-catalog/all-courses/grt-graphics-technology
2026-04-23 13:30:00,364 [INFO] ThreadPoolExecutor-0_8: Successfully scraped 19 courses from https://ccsu.smartcatalogiq.com/en/2025-2026/undergraduate-graduate-catalog/all-courses/sust-sustainability
2026-04-23 13:30:00,468 [INFO] ThreadPoolExecutor-0_9: Successfully scraped 53 courses from https://ccsu.smartcatalogiq.com/en/2025-2026/undergraduate-graduate-catalog/all-courses/edl-educational-leadership-and-instructional-technology
2026-04-23 13:30:00,526 [INFO] ThreadPoolExecutor-0_0: Successfully scraped 2 courses from https://ccsu.smartcatalogiq.com/en/2025-2026/undergraduate-graduate-catalog/all-courses/edte-education-teacher
2026-04-23 13:30:00,647 [INFO] ThreadPoolExecutor-0_1: Successfully scraped 17 courses from https://ccsu.smartcatalogiq.com/en/2025-2026/undergraduate-graduate-catalog/all-courses/sci-science-education
2026-04-23 13:30:00,754 [INFO] ThreadPoolExecutor-0_2: Successfully scraped 39 courses from https://ccsu.smartcatalogiq.com/en/2025-2026/undergraduate-graduate-catalog/all-courses/nrse-nursing
2026-04-23 13:30:00,896 [INFO] ThreadPoolExecutor-0_3: Successfully scraped 7 courses from https://ccsu.smartcatalogiq.com/en/2025-2026/undergraduate-graduate-catalog/all-courses/aapi-asian-american-and-pacific-islander
2026-04-23 13:30:00,978 [INFO] ThreadPoolExecutor-0_4: Successfully scraped 34 courses from https://ccsu.smartcatalogiq.com/en/2025-2026/undergraduate-graduate-catalog/all-courses/cj-criminal-justice
2026-04-23 13:30:01,084 [INFO] ThreadPoolExecutor-0_5: Successfully scraped 6 courses from https://ccsu.smartcatalogiq.com/en/2025-2026/undergraduate-graduate-catalog/all-courses/japn-japanese
2026-04-23 13:30:01,177 [INFO] ThreadPoolExecutor-0_6: Successfully scraped 45 courses from https://ccsu.smartcatalogiq.com/en/2025-2026/undergraduate-graduate-catalog/all-courses/cm-construction-management
2026-04-23 13:30:01,247 [INFO] ThreadPoolExecutor-0_7: Successfully scraped 62 courses from https://ccsu.smartcatalogiq.com/en/2025-2026/undergraduate-graduate-catalog/all-courses/cet-computer-electronics-technology
2026-04-23 13:30:01,369 [INFO] ThreadPoolExecutor-0_8: Successfully scraped 34 courses from https://ccsu.smartcatalogiq.com/en/2025-2026/undergraduate-graduate-catalog/all-courses/cnsl-counseling
2026-04-23 13:30:01,444 [INFO] ThreadPoolExecutor-0_9: Successfully scraped 32 courses from https://ccsu.smartcatalogiq.com/en/2025-2026/undergraduate-graduate-catalog/all-courses/chem-chemistry
2026-04-23 13:30:01,606 [INFO] ThreadPoolExecutor-0_0: Successfully scraped 7 courses from https://ccsu.smartcatalogiq.com/en/2025-2026/undergraduate-graduate-catalog/all-courses/pes-peace-studies
2026-04-23 13:30:01,764 [INFO] ThreadPoolExecutor-0_1: Successfully scraped 26 courses from https://ccsu.smartcatalogiq.com/en/2025-2026/undergraduate-graduate-catalog/all-courses/robo-robotics
2026-04-23 13:30:01,838 [INFO] ThreadPoolExecutor-0_2: Successfully scraped 8 courses from https://ccsu.smartcatalogiq.com/en/2025-2026/undergraduate-graduate-catalog/all-courses/et-engineering-technology
2026-04-23 13:30:01,924 [INFO] ThreadPoolExecutor-0_3: Successfully scraped 15 courses from https://ccsu.smartcatalogiq.com/en/2025-2026/undergraduate-graduate-catalog/all-courses/cine-cinema-studies
2026-04-23 13:30:01,974 [INFO] ThreadPoolExecutor-0_4: Successfully scraped 6 courses from https://ccsu.smartcatalogiq.com/en/2025-2026/undergraduate-graduate-catalog/all-courses/sdhe-student-development-in-higher-education
2026-04-23 13:30:02,098 [INFO] ThreadPoolExecutor-0_5: Successfully scraped 24 courses from https://ccsu.smartcatalogiq.com/en/2025-2026/undergraduate-graduate-catalog/all-courses/phys-physics
2026-04-23 13:30:02,182 [INFO] ThreadPoolExecutor-0_6: Successfully scraped 6 courses from https://ccsu.smartcatalogiq.com/en/2025-2026/undergraduate-graduate-catalog/all-courses/hum-humanities
2026-04-23 13:30:02,326 [INFO] ThreadPoolExecutor-0_7: Successfully scraped 2 courses from https://ccsu.smartcatalogiq.com/en/2025-2026/undergraduate-graduate-catalog/all-courses/mc-managerial-communication
2026-04-23 13:30:02,378 [INFO] ThreadPoolExecutor-0_8: Successfully scraped 98 courses from https://ccsu.smartcatalogiq.com/en/2025-2026/undergraduate-graduate-catalog/all-courses/math-mathematics
2026-04-23 13:30:02,486 [INFO] ThreadPoolExecutor-0_9: Successfully scraped 52 courses from https://ccsu.smartcatalogiq.com/en/2025-2026/undergraduate-graduate-catalog/all-courses/th-theatre
2026-04-23 13:30:02,553 [INFO] ThreadPoolExecutor-0_0: Successfully scraped 17 courses from https://ccsu.smartcatalogiq.com/en/2025-2026/undergraduate-graduate-catalog/all-courses/ital-italian
2026-04-23 13:30:02,666 [INFO] ThreadPoolExecutor-0_1: Successfully scraped 35 courses from https://ccsu.smartcatalogiq.com/en/2025-2026/undergraduate-graduate-catalog/all-courses/ling-linguistics
2026-04-23 13:30:02,787 [INFO] ThreadPoolExecutor-0_2: Successfully scraped 6 courses from https://ccsu.smartcatalogiq.com/en/2025-2026/undergraduate-graduate-catalog/all-courses/mm-manufacturing-management
2026-04-23 13:30:02,863 [INFO] ThreadPoolExecutor-0_3: Successfully scraped 9 courses from https://ccsu.smartcatalogiq.com/en/2025-2026/undergraduate-graduate-catalog/all-courses/ed-education
2026-04-23 13:30:02,953 [INFO] ThreadPoolExecutor-0_4: Successfully scraped 1 courses from https://ccsu.smartcatalogiq.com/en/2025-2026/undergraduate-graduate-catalog/all-courses/jli
2026-04-23 13:30:03,103 [INFO] ThreadPoolExecutor-0_5: Successfully scraped 35 courses from https://ccsu.smartcatalogiq.com/en/2025-2026/undergraduate-graduate-catalog/all-courses/mgt-management
2026-04-23 13:30:03,211 [INFO] ThreadPoolExecutor-0_6: Successfully scraped 110 courses from https://ccsu.smartcatalogiq.com/en/2025-2026/undergraduate-graduate-catalog/all-courses/mus-music
2026-04-23 13:30:03,307 [INFO] ThreadPoolExecutor-0_7: Successfully scraped 55 courses from https://ccsu.smartcatalogiq.com/en/2025-2026/undergraduate-graduate-catalog/all-courses/sped-special-education
2026-04-23 13:30:03,383 [INFO] ThreadPoolExecutor-0_8: Successfully scraped 4 courses from https://ccsu.smartcatalogiq.com/en/2025-2026/undergraduate-graduate-catalog/all-courses/pol-polish
2026-04-23 13:30:03,462 [INFO] ThreadPoolExecutor-0_9: Successfully scraped 21 courses from https://ccsu.smartcatalogiq.com/en/2025-2026/undergraduate-graduate-catalog/all-courses/hon-honors
2026-04-23 13:30:03,577 [INFO] ThreadPoolExecutor-0_0: Successfully scraped 28 courses from https://ccsu.smartcatalogiq.com/en/2025-2026/undergraduate-graduate-catalog/all-courses/ce-civil-engineering
2026-04-23 13:30:03,617 [INFO] MainThread: Scraped 3228 courses and wrote ccsu_courses_html.json
2026-04-23 13:30:44,310 [INFO] MainThread: Successfully read robots.txt
2026-04-23 13:30:44,310 [INFO] MainThread: Using crawl delay of 0.1 seconds
2026-04-23 13:30:44,310 [INFO] MainThread: Scraping courses from HTML...
2026-04-23 13:30:44,438 [INFO] MainThread: Found latest catalog URL: https://ccsu.smartcatalogiq.com/en/2025-2026/undergraduate-graduate-catalog
2026-04-23 13:30:44,440 [INFO] MainThread: Fetching catalog from: https://ccsu.smartcatalogiq.com/en/2025-2026/undergraduate-graduate-catalog/all-courses
2026-04-23 13:30:44,603 [INFO] MainThread: Found 131 subjects. Fetching course links...
2026-04-23 13:30:44,787 [INFO] ThreadPoolExecutor-0_0: Successfully scraped 28 courses from https://ccsu.smartcatalogiq.com/en/2025-2026/undergraduate-graduate-catalog/all-courses/ce-civil-engineering
2026-04-23 13:30:44,879 [INFO] ThreadPoolExecutor-0_1: Successfully scraped 11 courses from https://ccsu.smartcatalogiq.com/en/2025-2026/undergraduate-graduate-catalog/all-courses/se-systems-engineering
2026-04-23 13:30:44,968 [INFO] ThreadPoolExecutor-0_2: Successfully scraped 26 courses from https://ccsu.smartcatalogiq.com/en/2025-2026/undergraduate-graduate-catalog/all-courses/te-technology-engineering-education
2026-04-23 13:30:45,083 [INFO] ThreadPoolExecutor-0_3: Successfully scraped 45 courses from https://ccsu.smartcatalogiq.com/en/2025-2026/undergraduate-graduate-catalog/all-courses/cm-construction-management
2026-04-23 13:30:45,174 [INFO] ThreadPoolExecutor-0_4: Successfully scraped 62 courses from https://ccsu.smartcatalogiq.com/en/2025-2026/undergraduate-graduate-catalog/all-courses/cet-computer-electronics-technology
2026-04-23 13:30:45,239 [INFO] ThreadPoolExecutor-0_5: Successfully scraped 9 courses from https://ccsu.smartcatalogiq.com/en/2025-2026/undergraduate-graduate-catalog/all-courses/ed-education
2026-04-23 13:30:45,342 [INFO] ThreadPoolExecutor-0_6: Successfully scraped 2 courses from https://ccsu.smartcatalogiq.com/en/2025-2026/undergraduate-graduate-catalog/all-courses/mc-managerial-communication
2026-04-23 13:30:45,452 [INFO] ThreadPoolExecutor-0_7: Successfully scraped 6 courses from https://ccsu.smartcatalogiq.com/en/2025-2026/undergraduate-graduate-catalog/all-courses/rel-religious-studies
2026-04-23 13:30:45,561 [INFO] ThreadPoolExecutor-0_8: Successfully scraped 2 courses from https://ccsu.smartcatalogiq.com/en/2025-2026/undergraduate-graduate-catalog/all-courses/fys-first-year-seminar
2026-04-23 13:30:45,695 [INFO] ThreadPoolExecutor-0_9: Successfully scraped 39 courses from https://ccsu.smartcatalogiq.com/en/2025-2026/undergraduate-graduate-catalog/all-courses/nrse-nursing
2026-04-23 13:30:45,770 [INFO] ThreadPoolExecutor-0_0: Successfully scraped 4 courses from https://ccsu.smartcatalogiq.com/en/2025-2026/undergraduate-graduate-catalog/all-courses/cen-community-engagement
2026-04-23 13:30:45,861 [INFO] ThreadPoolExecutor-0_1: Successfully scraped 2 courses from https://ccsu.smartcatalogiq.com/en/2025-2026/undergraduate-graduate-catalog/all-courses/lsc-library-science
2026-04-23 13:30:45,936 [INFO] ThreadPoolExecutor-0_2: Successfully scraped 25 courses from https://ccsu.smartcatalogiq.com/en/2025-2026/undergraduate-graduate-catalog/all-courses/dan-dance
2026-04-23 13:30:46,065 [INFO] ThreadPoolExecutor-0_3: Successfully scraped 8 courses from https://ccsu.smartcatalogiq.com/en/2025-2026/undergraduate-graduate-catalog/all-courses/ger-german
2026-04-23 13:30:46,193 [INFO] ThreadPoolExecutor-0_4: Successfully scraped 35 courses from https://ccsu.smartcatalogiq.com/en/2025-2026/undergraduate-graduate-catalog/all-courses/ling-linguistics
2026-04-23 13:30:46,270 [INFO] ThreadPoolExecutor-0_5: Successfully scraped 19 courses from https://ccsu.smartcatalogiq.com/en/2025-2026/undergraduate-graduate-catalog/all-courses/sust-sustainability
2026-04-23 13:30:46,400 [INFO] ThreadPoolExecutor-0_6: Successfully scraped 42 courses from https://ccsu.smartcatalogiq.com/en/2025-2026/undergraduate-graduate-catalog/all-courses/tm-technology-management
2026-04-23 13:30:46,488 [INFO] ThreadPoolExecutor-0_7: Successfully scraped 41 courses from https://ccsu.smartcatalogiq.com/en/2025-2026/undergraduate-graduate-catalog/all-courses/econ-economics
2026-04-23 13:30:46,547 [INFO] ThreadPoolExecutor-0_8: Successfully scraped 3 courses from https://ccsu.smartcatalogiq.com/en/2025-2026/undergraduate-graduate-catalog/all-courses/fye-first-year-experience
2026-04-23 13:30:46,672 [INFO] ThreadPoolExecutor-0_9: Successfully scraped 9 courses from https://ccsu.smartcatalogiq.com/en/2025-2026/undergraduate-graduate-catalog/all-courses/las-latin-american-studies
2026-04-23 13:30:46,770 [INFO] ThreadPoolExecutor-0_0: Successfully scraped 9 courses from https://ccsu.smartcatalogiq.com/en/2025-2026/undergraduate-graduate-catalog/all-courses/chin-chinese
2026-04-23 13:30:46,846 [INFO] ThreadPoolExecutor-0_1: Successfully scraped 20 courses from https://ccsu.smartcatalogiq.com/en/2025-2026/undergraduate-graduate-catalog/all-courses/mis-management-information-systems
2026-04-23 13:30:46,991 [INFO] ThreadPoolExecutor-0_2: Successfully scraped 44 courses from https://ccsu.smartcatalogiq.com/en/2025-2026/undergraduate-graduate-catalog/all-courses/exs-exercise-science
2026-04-23 13:30:47,068 [INFO] ThreadPoolExecutor-0_3: Successfully scraped 21 courses from https://ccsu.smartcatalogiq.com/en/2025-2026/undergraduate-graduate-catalog/all-courses/hon-honors
2026-04-23 13:30:47,146 [INFO] ThreadPoolExecutor-0_4: Successfully scraped 69 courses from https://ccsu.smartcatalogiq.com/en/2025-2026/undergraduate-graduate-catalog/all-courses/psy-psychological-science
2026-04-23 13:30:47,270 [INFO] ThreadPoolExecutor-0_5: Successfully scraped 32 courses from https://ccsu.smartcatalogiq.com/en/2025-2026/undergraduate-graduate-catalog/all-courses/chem-chemistry
2026-04-23 13:30:47,380 [INFO] ThreadPoolExecutor-0_6: Successfully scraped 50 courses from https://ccsu.smartcatalogiq.com/en/2025-2026/undergraduate-graduate-catalog/all-courses/crm-criminology-and-criminal-justice
2026-04-23 13:30:47,436 [INFO] ThreadPoolExecutor-0_7: Successfully scraped 4 courses from https://ccsu.smartcatalogiq.com/en/2025-2026/undergraduate-graduate-catalog/all-courses/rj-racial-justice
2026-04-23 13:30:47,556 [INFO] ThreadPoolExecutor-0_8: Successfully scraped 34 courses from https://ccsu.smartcatalogiq.com/en/2025-2026/undergraduate-graduate-catalog/all-courses/cnsl-counseling
2026-04-23 13:30:47,784 [INFO] ThreadPoolExecutor-0_0: Successfully scraped 30 courses from https://ccsu.smartcatalogiq.com/en/2025-2026/undergraduate-graduate-catalog/all-courses/des-design-graphic-information
2026-04-23 13:30:47,891 [INFO] ThreadPoolExecutor-0_1: Successfully scraped 17 courses from https://ccsu.smartcatalogiq.com/en/2025-2026/undergraduate-graduate-catalog/all-courses/ital-italian
2026-04-23 13:30:47,965 [INFO] ThreadPoolExecutor-0_2: Successfully scraped 88 courses from https://ccsu.smartcatalogiq.com/en/2025-2026/undergraduate-graduate-catalog/all-courses/hist-history
2026-04-23 13:30:48,079 [INFO] ThreadPoolExecutor-0_3: Successfully scraped 2 courses from https://ccsu.smartcatalogiq.com/en/2025-2026/undergraduate-graduate-catalog/all-courses/dh-digital-humanities
2026-04-23 13:30:48,146 [INFO] ThreadPoolExecutor-0_4: Successfully scraped 17 courses from https://ccsu.smartcatalogiq.com/en/2025-2026/undergraduate-graduate-catalog/all-courses/sci-science-education
2026-04-23 13:30:48,243 [INFO] ThreadPoolExecutor-0_5: Successfully scraped 4 courses from https://ccsu.smartcatalogiq.com/en/2025-2026/undergraduate-graduate-catalog/all-courses/arab-arabic
2026-04-23 13:30:48,426 [INFO] ThreadPoolExecutor-0_6: Successfully scraped 72 courses from https://ccsu.smartcatalogiq.com/en/2025-2026/undergraduate-graduate-catalog/all-courses/geog-geography
2026-04-23 13:30:48,508 [INFO] ThreadPoolExecutor-0_7: Successfully scraped 1 courses from https://ccsu.smartcatalogiq.com/en/2025-2026/undergraduate-graduate-catalog/all-courses/anes-nurse-anesthesia-practice
2026-04-23 13:30:48,582 [INFO] ThreadPoolExecutor-0_8: Successfully scraped 26 courses from https://ccsu.smartcatalogiq.com/en/2025-2026/undergraduate-graduate-catalog/all-courses/dnap-doctorate-of-nurse-anesthesia-practice
2026-04-23 13:30:48,709 [INFO] ThreadPoolExecutor-0_0: Successfully scraped 29 courses from https://ccsu.smartcatalogiq.com/en/2025-2026/undergraduate-graduate-catalog/all-courses/esci-earth-sciences
2026-04-23 13:30:48,803 [INFO] ThreadPoolExecutor-0_9: Successfully scraped 1 courses from https://ccsu.smartcatalogiq.com/en/2025-2026/undergraduate-graduate-catalog/all-courses/jli
2026-04-23 13:30:48,827 [INFO] ThreadPoolExecutor-0_1: Successfully scraped 60 courses from https://ccsu.smartcatalogiq.com/en/2025-2026/undergraduate-graduate-catalog/all-courses/me-mechanical-engineering
2026-04-23 13:30:48,897 [INFO] ThreadPoolExecutor-0_2: Successfully scraped 12 courses from https://ccsu.smartcatalogiq.com/en/2025-2026/undergraduate-graduate-catalog/all-courses/ltn-latino-studies
2026-04-23 13:30:48,967 [INFO] ThreadPoolExecutor-0_3: Successfully scraped 6 courses from https://ccsu.smartcatalogiq.com/en/2025-2026/undergraduate-graduate-catalog/all-courses/nar-nurse-anesthesia-residency
2026-04-23 13:30:49,060 [INFO] ThreadPoolExecutor-0_4: Successfully scraped 24 courses from https://ccsu.smartcatalogiq.com/en/2025-2026/undergraduate-graduate-catalog/all-courses/wgss-women-gender-sexuality-studies
2026-04-23 13:30:49,165 [INFO] ThreadPoolExecutor-0_5: Successfully scraped 7 courses from https://ccsu.smartcatalogiq.com/en/2025-2026/undergraduate-graduate-catalog/all-courses/ccs-climate-change-studies
2026-04-23 13:30:49,282 [INFO] ThreadPoolExecutor-0_6: Successfully scraped 6 courses from https://ccsu.smartcatalogiq.com/en/2025-2026/undergraduate-graduate-catalog/all-courses/mm-manufacturing-management
2026-04-23 13:30:49,376 [INFO] ThreadPoolExecutor-0_7: Successfully scraped 11 courses from https://ccsu.smartcatalogiq.com/en/2025-2026/undergraduate-graduate-catalog/all-courses/vte-vocational-technical-education
2026-04-23 13:30:49,464 [INFO] ThreadPoolExecutor-0_8: Successfully scraped 26 courses from https://ccsu.smartcatalogiq.com/en/2025-2026/undergraduate-graduate-catalog/all-courses/data-data-science
2026-04-23 13:30:49,593 [INFO] ThreadPoolExecutor-0_0: Successfully scraped 46 courses from https://ccsu.smartcatalogiq.com/en/2025-2026/undergraduate-graduate-catalog/all-courses/sw-social-work
2026-04-23 13:30:49,707 [INFO] ThreadPoolExecutor-0_9: Successfully scraped 7 courses from https://ccsu.smartcatalogiq.com/en/2025-2026/undergraduate-graduate-catalog/all-courses/esl-english-as-a-second-language
2026-04-23 13:30:49,771 [INFO] ThreadPoolExecutor-0_1: Successfully scraped 3 courses from https://ccsu.smartcatalogiq.com/en/2025-2026/undergraduate-graduate-catalog/all-courses/gmst-game-studies
2026-04-23 13:30:49,876 [INFO] ThreadPoolExecutor-0_2: Successfully scraped 2 courses from https://ccsu.smartcatalogiq.com/en/2025-2026/undergraduate-graduate-catalog/all-courses/cegt-computer-electronics-graphics-technology
2026-04-23 13:30:49,969 [INFO] ThreadPoolExecutor-0_3: Successfully scraped 8 courses from https://ccsu.smartcatalogiq.com/en/2025-2026/undergraduate-graduate-catalog/all-courses/ssci-social-sciences
2026-04-23 13:30:50,067 [INFO] ThreadPoolExecutor-0_4: Successfully scraped 58 courses from https://ccsu.smartcatalogiq.com/en/2025-2026/undergraduate-graduate-catalog/all-courses/bms-biomolecular-sciences
2026-04-23 13:30:50,198 [INFO] ThreadPoolExecutor-0_5: Successfully scraped 104 courses from https://ccsu.smartcatalogiq.com/en/2025-2026/undergraduate-graduate-catalog/all-courses/eng-english
2026-04-23 13:30:50,284 [INFO] ThreadPoolExecutor-0_6: Successfully scraped 4 courses from https://ccsu.smartcatalogiq.com/en/2025-2026/undergraduate-graduate-catalog/all-courses/ent-entrepreneurship
2026-04-23 13:30:50,365 [INFO] ThreadPoolExecutor-0_7: Successfully scraped 28 courses from https://ccsu.smartcatalogiq.com/en/2025-2026/undergraduate-graduate-catalog/all-courses/wrt-writing
2026-04-23 13:30:50,473 [INFO] ThreadPoolExecutor-0_8: Successfully scraped 9 courses from https://ccsu.smartcatalogiq.com/en/2025-2026/undergraduate-graduate-catalog/all-courses/eps-educational-policy-studies
2026-04-23 13:30:50,662 [INFO] ThreadPoolExecutor-0_0: Successfully scraped 110 courses from https://ccsu.smartcatalogiq.com/en/2025-2026/undergraduate-graduate-catalog/all-courses/mus-music
2026-04-23 13:30:50,732 [INFO] ThreadPoolExecutor-0_9: Successfully scraped 37 courses from https://ccsu.smartcatalogiq.com/en/2025-2026/undergraduate-graduate-catalog/all-courses/ac-accounting
2026-04-23 13:30:50,784 [INFO] ThreadPoolExecutor-0_1: Successfully scraped 15 courses from https://ccsu.smartcatalogiq.com/en/2025-2026/undergraduate-graduate-catalog/all-courses/cine-cinema-studies
2026-04-23 13:30:50,913 [INFO] ThreadPoolExecutor-0_2: Successfully scraped 46 courses from https://ccsu.smartcatalogiq.com/en/2025-2026/undergraduate-graduate-catalog/all-courses/span-spanish
2026-04-23 13:30:51,014 [INFO] ThreadPoolExecutor-0_3: Successfully scraped 6 courses from https://ccsu.smartcatalogiq.com/en/2025-2026/undergraduate-graduate-catalog/all-courses/mfg-manufacturing-technology
2026-04-23 13:30:51,106 [INFO] ThreadPoolExecutor-0_4: Successfully scraped 21 courses from https://ccsu.smartcatalogiq.com/en/2025-2026/undergraduate-graduate-catalog/all-courses/ee-electrical-engineering
2026-04-23 13:30:51,231 [INFO] ThreadPoolExecutor-0_5: Successfully scraped 77 courses from https://ccsu.smartcatalogiq.com/en/2025-2026/undergraduate-graduate-catalog/all-courses/bio-biology
2026-04-23 13:30:51,325 [INFO] ThreadPoolExecutor-0_6: Successfully scraped 5 courses from https://ccsu.smartcatalogiq.com/en/2025-2026/undergraduate-graduate-catalog/all-courses/etc-engineering-technology-civil
2026-04-23 13:30:51,418 [INFO] ThreadPoolExecutor-0_7: Successfully scraped 8 courses from https://ccsu.smartcatalogiq.com/en/2025-2026/undergraduate-graduate-catalog/all-courses/et-engineering-technology
2026-04-23 13:30:51,482 [INFO] ThreadPoolExecutor-0_8: Successfully scraped 2 courses from https://ccsu.smartcatalogiq.com/en/2025-2026/undergraduate-graduate-catalog/all-courses/edte-education-teacher
2026-04-23 13:30:51,618 [INFO] ThreadPoolExecutor-0_0: Successfully scraped 55 courses from https://ccsu.smartcatalogiq.com/en/2025-2026/undergraduate-graduate-catalog/all-courses/sped-special-education
2026-04-23 13:30:51,786 [INFO] ThreadPoolExecutor-0_9: Successfully scraped 53 courses from https://ccsu.smartcatalogiq.com/en/2025-2026/undergraduate-graduate-catalog/all-courses/edl-educational-leadership-and-instructional-technology
2026-04-23 13:30:51,841 [INFO] ThreadPoolExecutor-0_1: Successfully scraped 44 courses from https://ccsu.smartcatalogiq.com/en/2025-2026/undergraduate-graduate-catalog/all-courses/anth-anthropology
2026-04-23 13:30:51,920 [INFO] ThreadPoolExecutor-0_2: Successfully scraped 21 courses from https://ccsu.smartcatalogiq.com/en/2025-2026/undergraduate-graduate-catalog/all-courses/mft-marriage-and-family-therapy
2026-04-23 13:30:51,995 [INFO] ThreadPoolExecutor-0_3: Successfully scraped 82 courses from https://ccsu.smartcatalogiq.com/en/2025-2026/undergraduate-graduate-catalog/all-courses/art-art
2026-04-23 13:30:52,134 [INFO] ThreadPoolExecutor-0_4: Successfully scraped 85 courses from https://ccsu.smartcatalogiq.com/en/2025-2026/undergraduate-graduate-catalog/all-courses/comm-communication
2026-04-23 13:30:52,226 [INFO] ThreadPoolExecutor-0_5: Successfully scraped 11 courses from https://ccsu.smartcatalogiq.com/en/2025-2026/undergraduate-graduate-catalog/all-courses/ast-astronomy
2026-04-23 13:30:52,294 [INFO] ThreadPoolExecutor-0_6: Successfully scraped 52 courses from https://ccsu.smartcatalogiq.com/en/2025-2026/undergraduate-graduate-catalog/all-courses/th-theatre
2026-04-23 13:30:52,428 [INFO] ThreadPoolExecutor-0_7: Successfully scraped 24 courses from https://ccsu.smartcatalogiq.com/en/2025-2026/undergraduate-graduate-catalog/all-courses/edt-educational-technology
2026-04-23 13:30:52,535 [INFO] ThreadPoolExecutor-0_8: Successfully scraped 60 courses from https://ccsu.smartcatalogiq.com/en/2025-2026/undergraduate-graduate-catalog/all-courses/lla
2026-04-23 13:30:52,640 [INFO] ThreadPoolExecutor-0_0: Successfully scraped 4 courses from https://ccsu.smartcatalogiq.com/en/2025-2026/undergraduate-graduate-catalog/all-courses/pol-polish
2026-04-23 13:30:52,715 [INFO] ThreadPoolExecutor-0_9: Successfully scraped 3 courses from https://ccsu.smartcatalogiq.com/en/2025-2026/undergraduate-graduate-catalog/all-courses/acp-nurse-anesthesia
2026-04-23 13:30:52,796 [INFO] ThreadPoolExecutor-0_1: Successfully scraped 6 courses from https://ccsu.smartcatalogiq.com/en/2025-2026/undergraduate-graduate-catalog/all-courses/sdhe-student-development-in-higher-education
2026-04-23 13:30:52,963 [INFO] ThreadPoolExecutor-0_2: Successfully scraped 15 courses from https://ccsu.smartcatalogiq.com/en/2025-2026/undergraduate-graduate-catalog/all-courses/edel-education-elementary
2026-04-23 13:30:53,060 [INFO] ThreadPoolExecutor-0_3: Successfully scraped 12 courses from https://ccsu.smartcatalogiq.com/en/2025-2026/undergraduate-graduate-catalog/all-courses/mat-master-of-arts-in-teaching
2026-04-23 13:30:53,109 [INFO] ThreadPoolExecutor-0_4: Successfully scraped 7 courses from https://ccsu.smartcatalogiq.com/en/2025-2026/undergraduate-graduate-catalog/all-courses/pes-peace-studies
2026-04-23 13:30:53,223 [INFO] ThreadPoolExecutor-0_5: Successfully scraped 7 courses from https://ccsu.smartcatalogiq.com/en/2025-2026/undergraduate-graduate-catalog/all-courses/aapi-asian-american-and-pacific-islander
2026-04-23 13:30:53,320 [INFO] ThreadPoolExecutor-0_6: Successfully scraped 4 courses from https://ccsu.smartcatalogiq.com/en/2025-2026/undergraduate-graduate-catalog/all-courses/asl-american-sign-language
2026-04-23 13:30:53,424 [INFO] ThreadPoolExecutor-0_7: Successfully scraped 14 courses from https://ccsu.smartcatalogiq.com/en/2025-2026/undergraduate-graduate-catalog/all-courses/edsc-education-secondary
2026-04-23 13:30:53,529 [INFO] ThreadPoolExecutor-0_8: Successfully scraped 1 courses from https://ccsu.smartcatalogiq.com/en/2025-2026/undergraduate-graduate-catalog/all-courses/be-business-education
2026-04-23 13:30:53,615 [INFO] ThreadPoolExecutor-0_0: Successfully scraped 7 courses from https://ccsu.smartcatalogiq.com/en/2025-2026/undergraduate-graduate-catalog/all-courses/ie-industrial-engineering
2026-04-23 13:30:53,718 [INFO] ThreadPoolExecutor-0_9: Successfully scraped 9 courses from https://ccsu.smartcatalogiq.com/en/2025-2026/undergraduate-graduate-catalog/all-courses/gero-gerontology
2026-04-23 13:30:53,873 [INFO] ThreadPoolExecutor-0_1: Successfully scraped 6 courses from https://ccsu.smartcatalogiq.com/en/2025-2026/undergraduate-graduate-catalog/all-courses/hum-humanities
2026-04-23 13:30:53,958 [INFO] ThreadPoolExecutor-0_2: Successfully scraped 98 courses from https://ccsu.smartcatalogiq.com/en/2025-2026/undergraduate-graduate-catalog/all-courses/math-mathematics
2026-04-23 13:30:54,039 [INFO] ThreadPoolExecutor-0_3: Successfully scraped 35 courses from https://ccsu.smartcatalogiq.com/en/2025-2026/undergraduate-graduate-catalog/all-courses/mgt-management
2026-04-23 13:30:54,105 [INFO] ThreadPoolExecutor-0_4: Successfully scraped 9 courses from https://ccsu.smartcatalogiq.com/en/2025-2026/undergraduate-graduate-catalog/all-courses/actl-actuarial-science
2026-04-23 13:30:54,240 [INFO] ThreadPoolExecutor-0_5: Successfully scraped 1 courses from https://ccsu.smartcatalogiq.com/en/2025-2026/undergraduate-graduate-catalog/all-courses/id-interdisciplinary
2026-04-23 13:30:54,322 [INFO] ThreadPoolExecutor-0_6: Successfully scraped 70 courses from https://ccsu.smartcatalogiq.com/en/2025-2026/undergraduate-graduate-catalog/all-courses/ps-political-science
2026-04-23 13:30:54,436 [INFO] ThreadPoolExecutor-0_7: Successfully scraped 24 courses from https://ccsu.smartcatalogiq.com/en/2025-2026/undergraduate-graduate-catalog/all-courses/phys-physics
2026-04-23 13:30:54,526 [INFO] ThreadPoolExecutor-0_8: Successfully scraped 2 courses from https://ccsu.smartcatalogiq.com/en/2025-2026/undergraduate-graduate-catalog/all-courses/ccsu-central-connecticut-state-university
2026-04-23 13:30:54,639 [INFO] ThreadPoolExecutor-0_0: Successfully scraped 54 courses from https://ccsu.smartcatalogiq.com/en/2025-2026/undergraduate-graduate-catalog/all-courses/soc-sociology
2026-04-23 13:30:54,710 [INFO] ThreadPoolExecutor-0_9: Successfully scraped 1 courses from https://ccsu.smartcatalogiq.com/en/2025-2026/undergraduate-graduate-catalog/all-courses/edf-educational-foundations
2026-04-23 13:30:54,839 [INFO] ThreadPoolExecutor-0_1: Successfully scraped 6 courses from https://ccsu.smartcatalogiq.com/en/2025-2026/undergraduate-graduate-catalog/all-courses/japn-japanese
2026-04-23 13:30:54,941 [INFO] ThreadPoolExecutor-0_2: Successfully scraped 8 courses from https://ccsu.smartcatalogiq.com/en/2025-2026/undergraduate-graduate-catalog/all-courses/ths-tourism-hospitality-studies
2026-04-23 13:30:55,006 [INFO] ThreadPoolExecutor-0_3: Successfully scraped 19 courses from https://ccsu.smartcatalogiq.com/en/2025-2026/undergraduate-graduate-catalog/all-courses/grt-graphics-technology
2026-04-23 13:30:55,105 [INFO] ThreadPoolExecutor-0_4: Successfully scraped 2 courses from https://ccsu.smartcatalogiq.com/en/2025-2026/undergraduate-graduate-catalog/all-courses/sprt-sports-studies
2026-04-23 13:30:55,212 [INFO] ThreadPoolExecutor-0_5: Successfully scraped 1 courses from https://ccsu.smartcatalogiq.com/en/2025-2026/undergraduate-graduate-catalog/all-courses/ai-artificial-intelligence
2026-04-23 13:30:55,326 [INFO] ThreadPoolExecutor-0_6: Successfully scraped 14 courses from https://ccsu.smartcatalogiq.com/en/2025-2026/undergraduate-graduate-catalog/all-courses/afam-african-american-studies
2026-04-23 13:30:55,415 [INFO] ThreadPoolExecutor-0_7: Successfully scraped 1 courses from https://ccsu.smartcatalogiq.com/en/2025-2026/undergraduate-graduate-catalog/all-courses/cit-computer-information-technology
2026-04-23 13:30:55,540 [INFO] ThreadPoolExecutor-0_8: Successfully scraped 4 courses from https://ccsu.smartcatalogiq.com/en/2025-2026/undergraduate-graduate-catalog/all-courses/law-law
2026-04-23 13:30:55,606 [INFO] ThreadPoolExecutor-0_0: Successfully scraped 31 courses from https://ccsu.smartcatalogiq.com/en/2025-2026/undergraduate-graduate-catalog/all-courses/is-international-studies
2026-04-23 13:30:55,709 [INFO] ThreadPoolExecutor-0_9: Successfully scraped 21 courses from https://ccsu.smartcatalogiq.com/en/2025-2026/undergraduate-graduate-catalog/all-courses/etm-engineering-technology-mechanical-manufacturing
2026-04-23 13:30:55,808 [INFO] ThreadPoolExecutor-0_1: Successfully scraped 33 courses from https://ccsu.smartcatalogiq.com/en/2025-2026/undergraduate-graduate-catalog/all-courses/pe-physical-education
2026-04-23 13:30:55,919 [INFO] ThreadPoolExecutor-0_2: Successfully scraped 4 courses from https://ccsu.smartcatalogiq.com/en/2025-2026/undergraduate-graduate-catalog/all-courses/ams-american-studies
2026-04-23 13:30:56,032 [INFO] ThreadPoolExecutor-0_3: Successfully scraped 20 courses from https://ccsu.smartcatalogiq.com/en/2025-2026/undergraduate-graduate-catalog/all-courses/atr-athletic-training
2026-04-23 13:30:56,140 [INFO] ThreadPoolExecutor-0_4: Successfully scraped 9 courses from https://ccsu.smartcatalogiq.com/en/2025-2026/undergraduate-graduate-catalog/all-courses/fr-french
2026-04-23 13:30:56,229 [INFO] ThreadPoolExecutor-0_5: Successfully scraped 27 courses from https://ccsu.smartcatalogiq.com/en/2025-2026/undergraduate-graduate-catalog/all-courses/stat-statistics
2026-04-23 13:30:56,361 [INFO] ThreadPoolExecutor-0_6: Successfully scraped 26 courses from https://ccsu.smartcatalogiq.com/en/2025-2026/undergraduate-graduate-catalog/all-courses/mkt-marketing
2026-04-23 13:30:56,479 [INFO] ThreadPoolExecutor-0_7: Successfully scraped 35 courses from https://ccsu.smartcatalogiq.com/en/2025-2026/undergraduate-graduate-catalog/all-courses/jrn-journalism
2026-04-23 13:30:56,564 [INFO] ThreadPoolExecutor-0_8: Successfully scraped 10 courses from https://ccsu.smartcatalogiq.com/en/2025-2026/undergraduate-graduate-catalog/all-courses/stem-science-technology-engineering-mathematics
2026-04-23 13:30:56,643 [INFO] ThreadPoolExecutor-0_0: Successfully scraped 24 courses from https://ccsu.smartcatalogiq.com/en/2025-2026/undergraduate-graduate-catalog/all-courses/wl-world-languages
2026-04-23 13:30:56,728 [INFO] ThreadPoolExecutor-0_9: Successfully scraped 39 courses from https://ccsu.smartcatalogiq.com/en/2025-2026/undergraduate-graduate-catalog/all-courses/phil-philosophy
2026-04-23 13:30:56,840 [INFO] ThreadPoolExecutor-0_1: Successfully scraped 26 courses from https://ccsu.smartcatalogiq.com/en/2025-2026/undergraduate-graduate-catalog/all-courses/robo-robotics
2026-04-23 13:30:56,948 [INFO] ThreadPoolExecutor-0_2: Successfully scraped 33 courses from https://ccsu.smartcatalogiq.com/en/2025-2026/undergraduate-graduate-catalog/all-courses/cys-cybersecurity
2026-04-23 13:30:57,061 [INFO] ThreadPoolExecutor-0_3: Successfully scraped 83 courses from https://ccsu.smartcatalogiq.com/en/2025-2026/undergraduate-graduate-catalog/all-courses/cs-computer-science
2026-04-23 13:30:57,143 [INFO] ThreadPoolExecutor-0_4: Successfully scraped 29 courses from https://ccsu.smartcatalogiq.com/en/2025-2026/undergraduate-graduate-catalog/all-courses/edec-education-early-childhood
2026-04-23 13:30:57,258 [INFO] ThreadPoolExecutor-0_5: Successfully scraped 34 courses from https://ccsu.smartcatalogiq.com/en/2025-2026/undergraduate-graduate-catalog/all-courses/cj-criminal-justice
2026-04-23 13:30:57,341 [INFO] ThreadPoolExecutor-0_6: Successfully scraped 13 courses from https://ccsu.smartcatalogiq.com/en/2025-2026/undergraduate-graduate-catalog/all-courses/engr-engineering
2026-04-23 13:30:57,438 [INFO] ThreadPoolExecutor-0_7: Successfully scraped 9 courses from https://ccsu.smartcatalogiq.com/en/2025-2026/undergraduate-graduate-catalog/all-courses/sclm-supply-chain-logistics-management
2026-04-23 13:30:57,529 [INFO] ThreadPoolExecutor-0_8: Successfully scraped 1 courses from https://ccsu.smartcatalogiq.com/en/2025-2026/undergraduate-graduate-catalog/all-courses/fa-fine-arts
2026-04-23 13:30:57,652 [INFO] ThreadPoolExecutor-0_0: Successfully scraped 20 courses from https://ccsu.smartcatalogiq.com/en/2025-2026/undergraduate-graduate-catalog/all-courses/bus-business
2026-04-23 13:30:57,852 [INFO] ThreadPoolExecutor-0_1: Successfully scraped 2 courses from https://ccsu.smartcatalogiq.com/en/2025-2026/undergraduate-graduate-catalog/all-courses/lat-journalism
2026-04-23 13:30:58,778 [INFO] ThreadPoolExecutor-0_9: Successfully scraped 35 courses from https://ccsu.smartcatalogiq.com/en/2025-2026/undergraduate-graduate-catalog/all-courses/fin-finance
2026-04-23 13:30:58,815 [INFO] MainThread: Scraped 3228 courses and wrote ccsu_courses_html.json
